
> @cloakcraft/sdk@0.1.0 build /Users/onlyabrak/dev/craftec/cloakcraft/packages/sdk
> tsup src/index.ts src/idl/index.ts --format cjs,esm --dts

CLI Building entry: src/index.ts, src/idl/index.ts
CLI Using tsconfig: tsconfig.json
CLI tsup v8.5.1
CLI Target: es2020
CJS Build start
ESM Build start
CJS dist/idl/index.js 160.16 KB
CJS dist/index.js     258.00 KB
CJS ⚡️ Build success in 26ms
ESM dist/chunk-ZLXAWIIX.mjs     7.16 KB
ESM dist/index.mjs              197.96 KB
ESM dist/idl/index.mjs          159.21 KB
ESM dist/chunk-SRL4AMVA.mjs     22.23 KB
ESM dist/chunk-PR6THQ6L.mjs     16.18 KB
ESM dist/constants-EPFCAEYE.mjs 413.00 B
ESM dist/shield-XJLTUVDA.mjs    331.00 B
ESM dist/swap-M6DNHO2K.mjs      767.00 B
ESM dist/chunk-Y6FXYEAI.mjs     390.00 B
ESM dist/chunk-DI6BU57B.mjs     1.99 KB
ESM ⚡️ Build success in 26ms
DTS Build start
DTS ⚡️ Build success in 1597ms
DTS dist/index.d.ts      97.78 KB
DTS dist/idl/index.d.ts  111.35 KB
DTS dist/index.d.mts     97.78 KB
DTS dist/idl/index.d.mts 111.35 KB
